Fri May  3 09:44:18 KST 2024 - INFO - Start
Fri May  3 09:44:18 KST 2024 - INFO - Script version 8.4.0
Fri May  3 09:44:18 KST 2024 - INFO - Check, and if needed install, install pre-requisites
Fri May  3 09:44:29 KST 2024 - INFO - Interactive mode
Fri May  3 09:44:31 KST 2024 - INFO - Start function download_software_from_MOS
--2024-05-03 09:44:54--  https://updates.oracle.com/Orion/Services/download
Resolving updates.oracle.com (updates.oracle.com)... 104.76.90.82, 2600:1410:1000:2a5::4425, 2600:1410:1000:29b::4425
Connecting to updates.oracle.com (updates.oracle.com)|104.76.90.82|:443... connected.
HTTP request sent, awaiting response... 401 Unauthorized
Authentication selected: Basic realm=""
Reusing existing connection to updates.oracle.com:443.
HTTP request sent, awaiting response... 200 OK
Length: 118 [text/plain]
Saving to: ‘/dev/null’

     0K                                                       100%  122M=0s

2024-05-03 09:44:55 (122 MB/s) - ‘/dev/null’ saved [118/118]

Fri May  3 09:44:55 KST 2024 - INFO - Download of MySQL tar repo... please wait...
Fri May  3 09:46:50 KST 2024 - INFO - Download of MySQL rpms repo... please wait...
Fri May  3 09:48:27 KST 2024 - INFO - All downloads completed
Fri May  3 09:48:27 KST 2024 - INFO - End function download_software_from_MOS
Fri May  3 09:49:18 KST 2024 - INFO - Interactive menu end
Tue May  7 10:38:13 KST 2024 - INFO - Start
Tue May  7 10:38:13 KST 2024 - INFO - Script version 8.4.0
Tue May  7 10:38:13 KST 2024 - INFO - Check, and if needed install, install pre-requisites
Tue May  7 10:38:27 KST 2024 - INFO - Interactive mode
Tue May  7 10:39:24 KST 2024 - INFO - Start
Tue May  7 10:39:24 KST 2024 - INFO - Script version 8.4.0
Tue May  7 10:39:24 KST 2024 - INFO - Check, and if needed install, install pre-requisites
Tue May  7 10:39:27 KST 2024 - INFO - Interactive mode
Tue May  7 10:40:04 KST 2024 - INFO - Start
Tue May  7 10:40:04 KST 2024 - INFO - Script version 8.4.0
Tue May  7 10:40:04 KST 2024 - INFO - Check, and if needed install, install pre-requisites
Tue May  7 10:40:07 KST 2024 - INFO - Interactive mode
Tue May  7 10:40:09 KST 2024 - INFO - Interactive menu end
Tue May  7 10:42:21 KST 2024 - INFO - Start
Tue May  7 10:42:21 KST 2024 - INFO - Script version 8.4.0
Tue May  7 10:42:21 KST 2024 - INFO - Check, and if needed install, install pre-requisites
Tue May  7 10:42:24 KST 2024 - INFO - Interactive mode
Tue May  7 10:44:38 KST 2024 - INFO - Start
Tue May  7 10:44:38 KST 2024 - INFO - Script version 8.4.0
Tue May  7 10:44:38 KST 2024 - INFO - Check, and if needed install, install pre-requisites
Tue May  7 10:44:41 KST 2024 - INFO - Interactive mode
Tue May  7 10:45:43 KST 2024 - INFO - Start
Tue May  7 10:45:43 KST 2024 - INFO - Script version 8.4.0
Tue May  7 10:45:43 KST 2024 - INFO - Check, and if needed install, install pre-requisites
Tue May  7 10:45:46 KST 2024 - INFO - Interactive mode
Tue May  7 10:46:26 KST 2024 - INFO - Start
Tue May  7 10:46:26 KST 2024 - INFO - Script version 8.4.0
Tue May  7 10:46:26 KST 2024 - INFO - Check, and if needed install, install pre-requisites
Tue May  7 10:46:28 KST 2024 - INFO - Interactive mode
Tue May  7 10:48:20 KST 2024 - INFO - Start
Tue May  7 10:48:20 KST 2024 - INFO - Script version 8.4.0
Tue May  7 10:48:20 KST 2024 - INFO - Check, and if needed install, install pre-requisites
Tue May  7 10:48:22 KST 2024 - INFO - Interactive mode
Tue May  7 10:48:29 KST 2024 - INFO - Start
Tue May  7 10:48:29 KST 2024 - INFO - Script version 8.4.0
Tue May  7 10:48:29 KST 2024 - INFO - Check, and if needed install, install pre-requisites
Tue May  7 10:48:32 KST 2024 - INFO - Interactive mode
Tue May  7 10:48:34 KST 2024 - INFO - Interactive menu end
Tue May  7 10:48:59 KST 2024 - INFO - Start
Tue May  7 10:48:59 KST 2024 - INFO - Script version 8.4.0
Tue May  7 10:48:59 KST 2024 - INFO - Check, and if needed install, install pre-requisites
Tue May  7 10:49:02 KST 2024 - INFO - Interactive mode
Tue May  7 10:49:24 KST 2024 - INFO - Interactive menu end
Tue May  7 11:09:38 KST 2024 - INFO - Start
Tue May  7 11:09:38 KST 2024 - INFO - Script version 8.4.0
Tue May  7 11:09:38 KST 2024 - INFO - Check, and if needed install, install pre-requisites
Tue May  7 11:09:41 KST 2024 - INFO - Interactive mode
Tue May  7 11:09:54 KST 2024 - INFO - Interactive menu end
Tue May  7 11:10:22 KST 2024 - INFO - Start
Tue May  7 11:10:22 KST 2024 - INFO - Script version 8.4.0
Tue May  7 11:10:22 KST 2024 - INFO - Check, and if needed install, install pre-requisites
Tue May  7 11:10:25 KST 2024 - INFO - Interactive mode
Tue May  7 11:10:57 KST 2024 - INFO - Interactive menu end
Tue May  7 11:11:39 KST 2024 - INFO - Start
Tue May  7 11:11:39 KST 2024 - INFO - Script version 8.4.0
Tue May  7 11:11:39 KST 2024 - INFO - Check, and if needed install, install pre-requisites
Tue May  7 11:11:41 KST 2024 - INFO - Interactive mode
Tue May  7 11:12:32 KST 2024 - INFO - Interactive menu end
Tue May  7 11:21:17 KST 2024 - INFO - Start
Tue May  7 11:21:17 KST 2024 - INFO - Script version 8.4.0
Tue May  7 11:21:17 KST 2024 - INFO - Check, and if needed install, install pre-requisites
Tue May  7 11:21:20 KST 2024 - INFO - Interactive mode
Tue May  7 11:21:23 KST 2024 - INFO - Start function release_note
Tue May  7 11:21:24 KST 2024 - INFO - End function release_note
Tue May  7 11:21:25 KST 2024 - INFO - Interactive menu end
Tue May  7 11:22:05 KST 2024 - INFO - Start
Tue May  7 11:22:05 KST 2024 - INFO - Script version 8.4.0
Tue May  7 11:22:05 KST 2024 - INFO - Check, and if needed install, install pre-requisites
Tue May  7 11:22:09 KST 2024 - INFO - Interactive mode
Tue May  7 11:22:12 KST 2024 - INFO - Start function release_note
Tue May  7 11:22:13 KST 2024 - English release: https://dev.mysql.com/doc/relnotes/mysql/8.4/en/news-8-4-0.html
Tue May  7 11:22:13 KST 2024 - Korea release: https://github.com/khkwon01/MySQL_install/blob/master/releases/8.4.0.md
Tue May  7 11:22:13 KST 2024 - INFO - End function release_note
Tue May  7 11:22:14 KST 2024 - INFO - Interactive menu end
Tue May  7 11:23:20 KST 2024 - INFO - Start
Tue May  7 11:23:20 KST 2024 - INFO - Script version 8.4.0
Tue May  7 11:23:20 KST 2024 - INFO - Check, and if needed install, install pre-requisites
Tue May  7 11:23:22 KST 2024 - INFO - Interactive mode
Tue May  7 11:23:25 KST 2024 - INFO - Start function release_note
Tue May  7 11:23:27 KST 2024 - INFO - English release: https://dev.mysql.com/doc/relnotes/mysql/8.4/en/news-8-4-0.html
Tue May  7 11:23:27 KST 2024 - INFO - Korea release: https://github.com/khkwon01/MySQL_install/blob/master/releases/8.4.0.md
Tue May  7 11:23:27 KST 2024 - INFO - End function release_note
Tue May  7 11:23:28 KST 2024 - INFO - Interactive menu end
Tue May  7 11:36:05 KST 2024 - INFO - Start
Tue May  7 11:36:05 KST 2024 - INFO - Script version 8.4.0
Tue May  7 11:36:05 KST 2024 - INFO - Check, and if needed install, install pre-requisites
Tue May  7 11:36:08 KST 2024 - INFO - Interactive mode
Tue May  7 11:36:10 KST 2024 - INFO - Start function download_software_from_MOS
Tue May  7 11:36:16 KST 2024 - INFO - Scripts menu end
Tue May  7 11:36:19 KST 2024 - INFO - Start function download_software_from_MOS
Tue May  7 11:36:21 KST 2024 - INFO - Scripts menu end
Tue May  7 11:36:22 KST 2024 - INFO - Interactive menu end
Tue May  7 11:37:01 KST 2024 - INFO - Start
Tue May  7 11:37:01 KST 2024 - INFO - Script version 8.4.0
Tue May  7 11:37:01 KST 2024 - INFO - Check, and if needed install, install pre-requisites
Tue May  7 11:37:04 KST 2024 - INFO - Interactive mode
Tue May  7 11:37:25 KST 2024 - INFO - Interactive menu end
Tue May  7 11:38:11 KST 2024 - INFO - Start
Tue May  7 11:38:11 KST 2024 - INFO - Script version 8.4.0
Tue May  7 11:38:11 KST 2024 - INFO - Check, and if needed install, install pre-requisites
Tue May  7 11:38:14 KST 2024 - INFO - Interactive mode
Tue May  7 11:38:34 KST 2024 - INFO - Start function download_software_from_MOS
Tue May  7 11:38:38 KST 2024 - INFO - Scripts menu end
Tue May  7 11:38:39 KST 2024 - INFO - Interactive menu end
Tue May  7 11:38:52 KST 2024 - INFO - Start
Tue May  7 11:38:52 KST 2024 - INFO - Script version 8.4.0
Tue May  7 11:38:52 KST 2024 - INFO - Check, and if needed install, install pre-requisites
Tue May  7 11:38:55 KST 2024 - INFO - Interactive mode
Tue May  7 11:40:14 KST 2024 - INFO - Interactive menu end
Tue May  7 11:55:51 KST 2024 - INFO - Start
Tue May  7 11:55:51 KST 2024 - INFO - Script version 8.4.0
Tue May  7 11:55:51 KST 2024 - INFO - Check, and if needed install, install pre-requisites
Tue May  7 11:55:54 KST 2024 - INFO - Interactive mode
Tue May  7 11:56:06 KST 2024 - INFO - Start function download_software_from_MOS
Tue May  7 11:56:08 KST 2024 - INFO - Scripts menu end
Tue May  7 11:56:10 KST 2024 - INFO - Interactive menu end
Tue May  7 12:11:27 KST 2024 - INFO - Start
Tue May  7 12:11:27 KST 2024 - INFO - Script version 8.4.0
Tue May  7 12:11:27 KST 2024 - INFO - Check, and if needed install, install pre-requisites
Tue May  7 12:11:30 KST 2024 - INFO - Interactive mode
Tue May  7 12:11:32 KST 2024 - INFO - Start function download_software_from_Dev
Tue May  7 12:11:32 KST 2024 - INFO - End function download_software_from_Dev
Tue May  7 12:11:35 KST 2024 - INFO - Interactive menu end
Tue May  7 13:46:33 KST 2024 - INFO - Start
Tue May  7 13:46:33 KST 2024 - INFO - Script version 8.4.0
Tue May  7 13:46:33 KST 2024 - INFO - Check, and if needed install, install pre-requisites
Tue May  7 13:46:36 KST 2024 - INFO - Interactive mode
Tue May  7 13:46:39 KST 2024 - INFO - Start function download_software_from_Dev
Tue May  7 13:48:15 KST 2024 - INFO - End function download_software_from_Dev
Tue May  7 13:49:17 KST 2024 - INFO - Interactive menu end
Tue May  7 13:55:45 KST 2024 - INFO - Start
Tue May  7 13:55:45 KST 2024 - INFO - Script version 8.4.0
Tue May  7 13:55:45 KST 2024 - INFO - Check, and if needed install, install pre-requisites
Tue May  7 13:55:48 KST 2024 - INFO - Interactive mode
Tue May  7 13:55:50 KST 2024 - INFO - Start function download_software_from_Dev
Tue May  7 13:57:34 KST 2024 - INFO - End function download_software_from_Dev
Tue May  7 13:57:48 KST 2024 - INFO - Start function release_note
Tue May  7 13:57:49 KST 2024 - INFO - English release: https://dev.mysql.com/doc/relnotes/mysql/8.4/en/news-8-4-0.html
Tue May  7 13:57:49 KST 2024 - INFO - Korea release: https://github.com/khkwon01/MySQL_install/blob/master/releases/8.4.0.md
Tue May  7 13:57:49 KST 2024 - INFO - End function release_note
Tue May  7 13:57:51 KST 2024 - INFO - Interactive menu end
Tue May  7 14:06:17 KST 2024 - INFO - Start
Tue May  7 14:06:17 KST 2024 - INFO - Script version 8.4.0
Tue May  7 14:06:17 KST 2024 - INFO - Check, and if needed install, install pre-requisites
Tue May  7 14:06:20 KST 2024 - INFO - Interactive mode
Tue May  7 14:06:22 KST 2024 - INFO - Start function download_software_from_Dev
Tue May  7 14:08:06 KST 2024 - INFO - All community version downloads completed
Tue May  7 14:08:06 KST 2024 - INFO - End function download_software_from_Dev
Tue May  7 14:08:19 KST 2024 - INFO - Interactive menu end
Tue May  7 14:13:26 KST 2024 - INFO - Start
Tue May  7 14:13:26 KST 2024 - INFO - Script version 8.4.0
Tue May  7 14:13:26 KST 2024 - INFO - Check, and if needed install, install pre-requisites
Tue May  7 14:13:29 KST 2024 - INFO - Interactive mode
Tue May  7 14:13:31 KST 2024 - INFO - Start function download_software_from_Dev
Tue May  7 14:15:22 KST 2024 - INFO - All community version downloads completed
Tue May  7 14:15:22 KST 2024 - INFO - End function download_software_from_Dev
Tue May  7 14:15:49 KST 2024 - INFO - Interactive menu end
Tue May  7 14:17:05 KST 2024 - INFO - Start
Tue May  7 14:17:05 KST 2024 - INFO - Script version 8.4.0
Tue May  7 14:17:05 KST 2024 - INFO - Check, and if needed install, install pre-requisites
Tue May  7 14:17:08 KST 2024 - INFO - Interactive mode
Tue May  7 14:17:10 KST 2024 - INFO - Start function download_software_from_Dev
Tue May  7 14:18:54 KST 2024 - INFO - All community version downloads completed
Tue May  7 14:18:54 KST 2024 - INFO - End function download_software_from_Dev
Tue May  7 14:19:07 KST 2024 - INFO - Start function download_software_from_MOS
--2024-05-07 14:19:36--  https://updates.oracle.com/Orion/Services/download
Resolving updates.oracle.com (updates.oracle.com)... 104.76.90.82, 2600:1410:1000:29b::4425, 2600:1410:1000:2a5::4425
Connecting to updates.oracle.com (updates.oracle.com)|104.76.90.82|:443... connected.
HTTP request sent, awaiting response... 401 Unauthorized
Authentication selected: Basic realm=""
Reusing existing connection to updates.oracle.com:443.
HTTP request sent, awaiting response... 200 OK
Length: 118 [text/plain]
Saving to: ‘/dev/null’

     0K                                                       100%  220M=0s

2024-05-07 14:19:38 (220 MB/s) - ‘/dev/null’ saved [118/118]

Tue May  7 14:19:38 KST 2024 - INFO - Download of MySQL tar repo... please wait...
Tue May  7 14:21:33 KST 2024 - INFO - Download of MySQL rpms repo... please wait...
Tue May  7 14:23:09 KST 2024 - INFO - All commerial version downloads completed
Tue May  7 14:23:09 KST 2024 - INFO - End function download_software_from_MOS
Tue May  7 14:25:37 KST 2024 - INFO - Interactive menu end
Tue May  7 15:19:14 KST 2024 - INFO - Start
Tue May  7 15:19:14 KST 2024 - INFO - Script version 8.4.0
Tue May  7 15:19:14 KST 2024 - INFO - Check, and if needed install, install pre-requisites
Tue May  7 15:19:17 KST 2024 - INFO - Interactive mode
Tue May  7 15:20:02 KST 2024 - INFO - Start function install_mysql_utilites
Tue May  7 15:20:02 KST 2024 - INFO - Install MySQL client and Shell on 
Tue May  7 15:20:22 KST 2024 - INFO - MySQL shell installation completed
Tue May  7 15:20:22 KST 2024 - INFO - End function install_mysql_utilites
Tue May  7 15:20:23 KST 2024 - INFO - Interactive menu end
Tue May  7 15:23:21 KST 2024 - INFO - Start
Tue May  7 15:23:21 KST 2024 - INFO - Script version 8.4.0
Tue May  7 15:23:21 KST 2024 - INFO - Check, and if needed install, install pre-requisites
Tue May  7 15:23:24 KST 2024 - INFO - Interactive mode
Tue May  7 15:23:26 KST 2024 - INFO - Start function install_mysql_utilites
Tue May  7 15:23:26 KST 2024 - INFO - Install MySQL client and Shell on 
Tue May  7 15:23:30 KST 2024 - INFO - MySQL shell installation completed
Tue May  7 15:23:30 KST 2024 - INFO - End function install_mysql_utilites
Tue May  7 15:23:49 KST 2024 - INFO - Interactive menu end
Tue May  7 15:24:09 KST 2024 - INFO - Start
Tue May  7 15:24:09 KST 2024 - INFO - Script version 8.4.0
Tue May  7 15:24:09 KST 2024 - INFO - Check, and if needed install, install pre-requisites
Tue May  7 15:24:12 KST 2024 - INFO - Interactive mode
Tue May  7 15:24:14 KST 2024 - INFO - Start function install_mysql_utilites
Tue May  7 15:24:14 KST 2024 - INFO - Install MySQL client and Shell on 
Tue May  7 15:24:18 KST 2024 - INFO - MySQL shell installation completed
Tue May  7 15:24:18 KST 2024 - INFO - End function install_mysql_utilites
Tue May  7 15:24:20 KST 2024 - INFO - Interactive menu end
Tue May  7 15:29:07 KST 2024 - INFO - Start
Tue May  7 15:29:07 KST 2024 - INFO - Script version 8.4.0
Tue May  7 15:29:07 KST 2024 - INFO - Check, and if needed install, install pre-requisites
Tue May  7 15:29:09 KST 2024 - INFO - Interactive mode
Tue May  7 15:29:11 KST 2024 - INFO - Start function install_mysql_utilites
Tue May  7 15:29:11 KST 2024 - INFO - Install MySQL client and Shell on 
Tue May  7 15:29:26 KST 2024 - INFO - MySQL shell installation completed
Tue May  7 15:29:26 KST 2024 - INFO - End function install_mysql_utilites
Tue May  7 15:29:27 KST 2024 - INFO - Interactive menu end
Tue May  7 15:30:18 KST 2024 - INFO - Start
Tue May  7 15:30:18 KST 2024 - INFO - Script version 8.4.0
Tue May  7 15:30:18 KST 2024 - INFO - Check, and if needed install, install pre-requisites
Tue May  7 15:30:21 KST 2024 - INFO - Interactive mode
Tue May  7 15:30:26 KST 2024 - INFO - Interactive menu end
Tue May  7 15:31:26 KST 2024 - INFO - Start
Tue May  7 15:31:26 KST 2024 - INFO - Script version 8.4.0
Tue May  7 15:31:26 KST 2024 - INFO - Check, and if needed install, install pre-requisites
Tue May  7 15:31:29 KST 2024 - INFO - Interactive mode
Tue May  7 15:31:30 KST 2024 - INFO - Start function download_software_from_Dev
Tue May  7 15:33:14 KST 2024 - INFO - All community version downloads completed
Tue May  7 15:33:14 KST 2024 - INFO - End function download_software_from_Dev
Tue May  7 15:34:00 KST 2024 - INFO - Interactive menu end
Tue May  7 15:35:23 KST 2024 - INFO - Start
Tue May  7 15:35:23 KST 2024 - INFO - Script version 8.4.0
Tue May  7 15:35:23 KST 2024 - INFO - Check, and if needed install, install pre-requisites
Tue May  7 15:35:26 KST 2024 - INFO - Interactive mode
Tue May  7 15:35:28 KST 2024 - INFO - Start function install_mysql_utilites
Tue May  7 15:35:28 KST 2024 - INFO - Install MySQL client and Shell on 
Tue May  7 15:35:34 KST 2024 - INFO - MySQL shell installation failed(1)
Tue May  7 15:35:34 KST 2024 - INFO - End function install_mysql_utilites
Tue May  7 15:35:36 KST 2024 - INFO - Interactive menu end
Tue May  7 15:43:41 KST 2024 - INFO - Start
Tue May  7 15:43:41 KST 2024 - INFO - Script version 8.4.0
Tue May  7 15:43:41 KST 2024 - INFO - Check, and if needed install, install pre-requisites
Tue May  7 15:43:43 KST 2024 - INFO - Interactive mode
Tue May  7 15:43:45 KST 2024 - INFO - Start function install_mysql_utilites
Tue May  7 15:43:45 KST 2024 - INFO - Install MySQL client and Shell on 
Tue May  7 15:44:00 KST 2024 - INFO - MySQL shell installation completed
Tue May  7 15:44:00 KST 2024 - INFO - End function install_mysql_utilites
Tue May  7 15:44:01 KST 2024 - INFO - Interactive menu end
Tue May  7 15:44:33 KST 2024 - INFO - Start
Tue May  7 15:44:33 KST 2024 - INFO - Script version 8.4.0
Tue May  7 15:44:33 KST 2024 - INFO - Check, and if needed install, install pre-requisites
Tue May  7 15:44:35 KST 2024 - INFO - Interactive mode
Tue May  7 15:44:46 KST 2024 - INFO - Start function download_software_from_Dev
Tue May  7 15:46:30 KST 2024 - INFO - All community version downloads completed
Tue May  7 15:46:30 KST 2024 - INFO - End function download_software_from_Dev
Tue May  7 15:46:47 KST 2024 - INFO - Start function install_mysql_utilites
Tue May  7 15:46:47 KST 2024 - INFO - Install MySQL client and Shell on 
Tue May  7 15:46:52 KST 2024 - INFO - MySQL shell installation failed(1)
Tue May  7 15:46:52 KST 2024 - INFO - End function install_mysql_utilites
Tue May  7 15:47:15 KST 2024 - INFO - Interactive menu end
Tue May  7 15:47:24 KST 2024 - INFO - Start
Tue May  7 15:47:24 KST 2024 - INFO - Script version 8.4.0
Tue May  7 15:47:24 KST 2024 - INFO - Check, and if needed install, install pre-requisites
Tue May  7 15:47:27 KST 2024 - INFO - Interactive mode
Tue May  7 15:47:28 KST 2024 - INFO - Start function install_mysql_utilites
Tue May  7 15:47:28 KST 2024 - INFO - Install MySQL client and Shell on 
Tue May  7 15:47:34 KST 2024 - INFO - MySQL shell installation failed(1)
Tue May  7 15:47:34 KST 2024 - INFO - End function install_mysql_utilites
Tue May  7 15:47:56 KST 2024 - INFO - Interactive menu end
Tue May  7 15:52:07 KST 2024 - INFO - Start
Tue May  7 15:52:07 KST 2024 - INFO - Script version 8.4.0
Tue May  7 15:52:07 KST 2024 - INFO - Check, and if needed install, install pre-requisites
Tue May  7 15:52:09 KST 2024 - INFO - Interactive mode
Tue May  7 15:52:11 KST 2024 - INFO - Start function install_mysql_utilites
Tue May  7 15:52:11 KST 2024 - INFO - Install MySQL client and Shell on 
Tue May  7 15:52:15 KST 2024 - INFO - MySQL shell installation failed(1)
Tue May  7 15:52:15 KST 2024 - INFO - End function install_mysql_utilites
Tue May  7 15:52:25 KST 2024 - INFO - Start function download_software_from_Dev
Tue May  7 15:53:02 KST 2024 - INFO - Start
Tue May  7 15:53:02 KST 2024 - INFO - Script version 8.4.0
Tue May  7 15:53:02 KST 2024 - INFO - Check, and if needed install, install pre-requisites
Tue May  7 15:53:04 KST 2024 - INFO - Interactive mode
Tue May  7 15:53:10 KST 2024 - INFO - Start function install_mysql_utilites
Tue May  7 15:53:10 KST 2024 - INFO - Install MySQL client and Shell on 
Tue May  7 15:53:26 KST 2024 - INFO - MySQL shell installation completed
Tue May  7 15:53:26 KST 2024 - INFO - End function install_mysql_utilites
Tue May  7 15:53:27 KST 2024 - INFO - Interactive menu end
Tue May  7 16:43:05 KST 2024 - INFO - Start
Tue May  7 16:43:05 KST 2024 - INFO - Script version 8.4.0
Tue May  7 16:43:05 KST 2024 - INFO - Check, and if needed install, install pre-requisites
Tue May  7 16:43:07 KST 2024 - INFO - Interactive mode
Tue May  7 16:43:14 KST 2024 - INFO - Start function install_mysql_utilites
Tue May  7 16:43:14 KST 2024 - INFO - Install MySQL client and Shell on 
Tue May  7 16:43:18 KST 2024 - INFO - MySQL shell installation completed
Tue May  7 16:43:18 KST 2024 - INFO - End function install_mysql_utilites
Tue May  7 16:43:19 KST 2024 - INFO - Interactive menu end
Tue May  7 16:43:46 KST 2024 - INFO - Start
Tue May  7 16:43:46 KST 2024 - INFO - Script version 8.4.0
Tue May  7 16:43:46 KST 2024 - INFO - Check, and if needed install, install pre-requisites
Tue May  7 16:43:49 KST 2024 - INFO - Interactive mode
Tue May  7 16:43:51 KST 2024 - INFO - Start function install_mysql_utilites
Tue May  7 16:43:51 KST 2024 - INFO - Install MySQL client and Shell on 
Tue May  7 16:44:10 KST 2024 - INFO - MySQL shell installation completed
Tue May  7 16:44:10 KST 2024 - INFO - End function install_mysql_utilites
Tue May  7 16:44:11 KST 2024 - INFO - Interactive menu end
Tue May  7 16:44:32 KST 2024 - INFO - Start
Tue May  7 16:44:32 KST 2024 - INFO - Script version 8.4.0
Tue May  7 16:44:32 KST 2024 - INFO - Check, and if needed install, install pre-requisites
Tue May  7 16:44:36 KST 2024 - INFO - Interactive mode
Tue May  7 16:44:38 KST 2024 - INFO - Start function install_mysql_utilites
Tue May  7 16:44:38 KST 2024 - INFO - Install MySQL client and Shell on 
Tue May  7 16:44:45 KST 2024 - INFO - MySQL shell installation completed
Tue May  7 16:44:45 KST 2024 - INFO - End function install_mysql_utilites
Tue May  7 16:44:46 KST 2024 - INFO - Interactive menu end
Tue May  7 16:45:18 KST 2024 - INFO - Start
Tue May  7 16:45:18 KST 2024 - INFO - Script version 8.4.0
Tue May  7 16:45:18 KST 2024 - INFO - Check, and if needed install, install pre-requisites
Tue May  7 16:45:20 KST 2024 - INFO - Interactive mode
Tue May  7 16:45:22 KST 2024 - INFO - Start function install_mysql_utilites
Tue May  7 16:45:22 KST 2024 - INFO - Install MySQL client and Shell on 
Tue May  7 16:45:26 KST 2024 - INFO - MySQL shell installation failed(1)
Tue May  7 16:45:26 KST 2024 - INFO - End function install_mysql_utilites
Tue May  7 16:45:29 KST 2024 - INFO - Start function download_software_from_Dev
Tue May  7 16:47:13 KST 2024 - INFO - All community version downloads completed
Tue May  7 16:47:13 KST 2024 - INFO - End function download_software_from_Dev
Tue May  7 16:47:16 KST 2024 - INFO - Start function install_mysql_utilites
Tue May  7 16:47:16 KST 2024 - INFO - Install MySQL client and Shell on 
Tue May  7 16:47:20 KST 2024 - INFO - MySQL shell installation failed(1)
Tue May  7 16:47:20 KST 2024 - INFO - End function install_mysql_utilites
Tue May  7 16:47:37 KST 2024 - INFO - Interactive menu end
Tue May  7 16:48:37 KST 2024 - INFO - Start
Tue May  7 16:48:37 KST 2024 - INFO - Script version 8.4.0
Tue May  7 16:48:37 KST 2024 - INFO - Check, and if needed install, install pre-requisites
Tue May  7 16:48:40 KST 2024 - INFO - Interactive mode
Tue May  7 16:48:43 KST 2024 - INFO - Start function install_mysql_utilites
Tue May  7 16:48:43 KST 2024 - INFO - Install MySQL client and Shell on 
Tue May  7 16:48:49 KST 2024 - INFO - MySQL shell installation failed(1)
Tue May  7 16:48:49 KST 2024 - INFO - End function install_mysql_utilites
Tue May  7 16:48:52 KST 2024 - INFO - Interactive menu end
Tue May  7 16:49:30 KST 2024 - INFO - Start
Tue May  7 16:49:30 KST 2024 - INFO - Script version 8.4.0
Tue May  7 16:49:30 KST 2024 - INFO - Check, and if needed install, install pre-requisites
Tue May  7 16:49:33 KST 2024 - INFO - Interactive mode
Tue May  7 16:49:35 KST 2024 - INFO - Start function install_mysql_utilites
Tue May  7 16:49:35 KST 2024 - INFO - Install MySQL client and Shell on 
Tue May  7 16:49:51 KST 2024 - INFO - MySQL shell installation completed
Tue May  7 16:49:51 KST 2024 - INFO - End function install_mysql_utilites
Tue May  7 16:49:52 KST 2024 - INFO - Interactive menu end
